<?xml version="1.0" encoding="UTF-8"?>
<testsuite xmlns:xsi="http://www.w3.org/2001/XMLSchema-instance" xsi:noNamespaceSchemaLocation="https://maven.apache.org/surefire/maven-surefire-plugin/xsd/surefire-test-report-3.0.xsd" version="3.0" name="food.data.FileDataStoreTest" time="0.024" tests="8" errors="0" skipped="0" failures="0">
  <properties>
[...]
</properties>
  <testcase name="shouldInitializeDataStore" classname="food.data.FileDataStoreTest" time="0.006"/>
  <testcase name="shouldHandleTrailingSlashInFolderPath(Path)" classname="food.data.FileDataStoreTest" time="0.002"/>
  <testcase name="shouldIncrementOrderIds" classname="food.data.FileDataStoreTest" time="0.004"/>
  <testcase name="shouldCreateOrderWithGeneratedId" classname="food.data.FileDataStoreTest" time="0.002"/>
  <testcase name="shouldThrowExceptionForNullOrder" classname="food.data.FileDataStoreTest" time="0.003"/>
  <testcase name="shouldWriteOrdersToFile" classname="food.data.FileDataStoreTest" time="0.002"/>
  <testcase name="shouldNotAddOrderToNonExistentCustomer" classname="food.data.FileDataStoreTest" time="0.002"/>
  <testcase name="shouldAddOrderToCustomer" classname="food.data.FileDataStoreTest" time="0.002"/>
</testsuite>